Enter the filename: 
Enter the delimiter: 
﻿85,Selvaganapathy,84520549,selvaganapathy.k.1994@gmail.com,6th Dec2025# Saturday at 06:30PM,Pradheep,1,Non-Vegetarian - Hallal,,,,,,,0,,,,,,0,,Submitted,21/11/2025 22:07,21/11/2025 22:07,21/11/2025 22:07
84,Manikandan Subramaniyan,6590356479,manisubu3295@gmail.com,6th Dec2025# Saturday at 06:30PM,Pradheep,2,Non-Vegetarian - Hallal,Non-Vegetarian - Hallal,,,,,,0,,,,,,1,,Submitted,21/11/2025 20:52,21/11/2025 20:52,21/11/2025 20:52
83,Miraz,97741776,mirazh447@gmail.com,7th Dec2025# Sunday at 06:30PM,John,2,Non-Vegetarian - Hallal,Non-Vegetarian - Hallal,,,,,,0,,,,,,0,Nothing,Submitted,21/11/2025 20:24,21/11/2025 20:24,21/11/2025 20:24
82,Shardar tofazzal,98668509,tofazzalsordar12@gmail.com,6th Dec2025# Saturday at 06:30PM# 7th Dec2025# Sunday at 06:30PM,John,2,Non-Vegetarian - Hallal,Non-Vegetarian - Hallal,,,,,,0,,,,,,0,Nothing,Submitted,21/11/2025 20:22,21/11/2025 20:22,21/11/2025 20:22
81,Mani Rajkumar,85358449,rajkumaryogavanirajkumar01@gmail.com,7th Dec2025# Sunday at 06:30PM,Raj lavender mrt,4,Non-Vegetarian - Hallal,Non-Vegetarian - Hallal,Non-Vegetarian - Hallal,Non-Vegetarian - Hallal,,,,0,,,,,,0,Amen,Submitted,21/11/2025 20:20,21/11/2025 20:20,21/11/2025 20:20
80,Vignesh,82145485,prakash.palni@gmail.com,6th Dec2025# Saturday at 06:30PM# 7th Dec2025# Sunday at 06:30PM,Prakash,1,Non-Vegetarian - Hallal,,,,,,,0,,,,,,0,,Submitted,21/11/2025 19:58,21/11/2025 19:58,21/11/2025 19:58
79,Ali Md Mostakim,81739350,mdmostakim02051995@gmail.com,6th Dec2025# Saturday at 06:30PM# 7th Dec2025# Sunday at 06:30PM,Prakash,2,Non-Vegetarian - Hallal,Non-Vegetarian - Hallal,,,,,,0,,,,,,0,,Submitted,21/11/2025 19:55,21/11/2025 19:55,21/11/2025 19:55
78,Sarbjeet,89247393,mannjeet184@gmail.com,6th Dec2025# Saturday at 06:30PM,Pardeep,1,Vegetarian,,,,,,,0,,,,,,0,,Submitted,21/11/2025 19:40,21/11/2025 19:40,21/11/2025 19:40
77,Kumaresan,84332781,kumarvishwar45@gmail.com,7th Dec2025# Sunday at 06:30PM,Shem,3,Non-Vegetarian - Hallal,Non-Vegetarian - Hallal,Non-Vegetarian - Hallal,,,,,0,,,,,,0,,Submitted,21/11/2025 19:36,21/11/2025 19:36,21/11/2025 19:36
76,Pandian,85235840,pandian.vy04@gmail.com,6th Dec2025# Saturday at 06:30PM,Pradheep,2,Non-Vegetarian - Hallal,Non-Vegetarian - Hallal,,,,,,0,,,,,,0,,Submitted,21/11/2025 19:30,21/11/2025 19:30,21/11/2025 19:30
75,Rakesh,83850944,rakeshrakesh70239@gmail.com,7th Dec2025# Sunday at 06:30PM,Ebenezer,1,Non-Vegetarian - Hallal,,,,,,,0,,,,,,0,,Submitted,21/11/2025 19:29,21/11/2025 19:29,21/11/2025 19:29
74,Kavin,93550752,rajapkattura@gmail.com,7th Dec2025# Sunday at 06:30PM,Shem,1,Non-Vegetarian - Hallal,,,,,,,0,,,,,,0,,Submitted,21/11/2025 19:23,21/11/2025 19:23,21/11/2025 19:23
73,Periyasami suresh,89675927,rabijohn@gmail.com,6th Dec2025# Saturday at 06:30PM# 7th Dec2025# Sunday at 06:30PM,John,2,Non-Vegetarian - Hallal,Non-Vegetarian - Hallal,,,,,,0,,,,,,0,,Submitted,21/11/2025 19:14,21/11/2025 19:14,21/11/2025 19:14
72,Soleman,81179740,random113134430@gmail.com,7th Dec2025# Sunday at 06:30PM,Pradheep,1,Non-Vegetarian - Hallal,,,,,,,0,,,,,,0,,Submitted,21/11/2025 19:07,21/11/2025 19:07,21/11/2025 19:07
71,Naresh Samannan,85443001,naresh1690@gmail.com,6th Dec2025# Saturday at 06:30PM,Ebenezer,2,Non-Vegetarian - Hallal,Non-Vegetarian - Hallal,,,,,,1,Non-Vegetarian - Hallal,,,,,0,,Submitted,21/11/2025 18:55,21/11/2025 18:55,21/11/2025 18:55
70,NAVEEN REDDY BITHIRALLA,89477391,naveen.app27@gmail.com,6th Dec2025# Saturday at 06:30PM,Sushil,3,Non-Vegetarian - Hallal,Non-Vegetarian - Hallal,Vegetarian,,,,,0,,,,,,0,,Submitted,21/11/2025 13:27,21/11/2025 13:27,21/11/2025 13:27
69,Vignesh,89123610,notavailable,6th Dec2025# Saturday at 06:30PM,Guttan,1,Non-Vegetarian - Hallal,,,,,,,0,,,,,,0,,Submitted,20/11/2025 22:20,20/11/2025 22:20,20/11/2025 22:20
68,Ebenezer Davidson,6581338429,notavailable,6th Dec2025# Saturday at 06:30PM# 7th Dec2025# Sunday at 06:30PM,CMIC,2,Non-Vegetarian - Hallal,Non-Vegetarian - Hallal,,,,,,0,,,,,,1,,Submitted,20/11/2025 21:05,20/11/2025 21:05,20/11/2025 21:05
67,Baskar.R,93872948,notavailable,6th Dec2025# Saturday at 06:30PM,Manova,1,Non-Vegetarian - Hallal,,,,,,,0,,,,,,0,,Submitted,20/11/2025 19:57,20/11/2025 19:57,20/11/2025 19:57
66,adriana,88821053,dwiadriana222@gmail.com,6th Dec2025# Saturday at 06:30PM,abiah and city missions international church,1,Non-Vegetarian - Hallal,,,,,,,0,,,,,,0,,Submitted,20/11/2025 19:52,20/11/2025 19:52,20/11/2025 19:52
65,Nandhini,90010095,chellam79@gmail.com,7th Dec2025# Sunday at 06:30PM,Mical,2,Vegetarian,Non-Vegetarian - Hallal,,,,,,1,Vegetarian,,,,,0,,Submitted,20/11/2025 16:32,20/11/2025 16:32,20/11/2025 16:32
64,Amelia# Rachel,+65 9829 5073,notavailable,6th Dec2025# Saturday at 06:30PM,Emmanuel Rajan,2,Non-Vegetarian - Hallal,Non-Vegetarian - Hallal,,,,,,0,,,,,,0,,Submitted,20/11/2025 16:23,20/11/2025 16:23,20/11/2025 16:23
63,Malathy,92476416,kmalathy28@gmail.com,6th Dec2025# Saturday at 06:30PM# 7th Dec2025# Sunday at 06:30PM,Cmic,3,Non-Vegetarian - Hallal,Non-Vegetarian - Hallal,Non-Vegetarian - Hallal,,,,,1,Non-Vegetarian - Hallal,,,,,0,,Submitted,20/11/2025 16:19,20/11/2025 16:19,20/11/2025 16:19
62,Shiny,86201563,bluearmyshiny1995@gmail.com,6th Dec2025# Saturday at 06:30PM,Auntie sarah and auntie Julie,2,Food not required,Food not required,,,,,,0,,,,,,0,,Submitted,20/11/2025 16:07,20/11/2025 16:07,20/11/2025 16:07
61,Sekhar Emmanuel Rajan,6583759547,kathubuffalo@gmail.com,6th Dec2025# Saturday at 06:30PM# 7th Dec2025# Sunday at 06:30PM,CMIC,3,Vegetarian,Non-Vegetarian - Hallal,Non-Vegetarian - Hallal,,,,,0,,,,,,2,,Submitted,20/11/2025 16:07,20/11/2025 16:07,20/11/2025 16:07
60,Sudhakar,90397560,notavailable,6th Dec2025# Saturday at 06:30PM# 7th Dec2025# Sunday at 06:30PM,Cmic,1,Non-Vegetarian - Hallal,,,,,,,0,,,,,,0,,Submitted,20/11/2025 15:40,20/11/2025 15:40,20/11/2025 15:40
59,Yen Kai,6597312986,phangyenkai@gmail.com,6th Dec2025# Saturday at 06:30PM,Abiah John,1,Non-Vegetarian - Hallal,,,,,,,0,,,,,,0,None,Submitted,20/11/2025 12:14,20/11/2025 12:14,20/11/2025 12:14
58,Vijay,9597398795,notavailable,6th Dec2025# Saturday at 06:30PM,Ebenezer,1,Non-Vegetarian - Hallal,,,,,,,0,,,,,,0,,Submitted,20/11/2025 11:00,20/11/2025 11:00,20/11/2025 11:00
57,Gonela Lakshminarayana,89132343,notavailable,6th Dec2025# Saturday at 06:30PM,Ebenezer Davidson Parthiban,1,Non-Vegetarian - Hallal,,,,,,,0,,,,,,0,,Submitted,20/11/2025 10:39,20/11/2025 10:39,20/11/2025 10:39
56,Naveen Natarajan,6585418853,notavailable,6th Dec2025# Saturday at 06:30PM,Ebenezer Davidson Parthiban,1,Non-Vegetarian - Hallal,,,,,,,0,,,,,,0,,Submitted,20/11/2025 10:34,20/11/2025 10:34,20/11/2025 10:34
55,Maine Tay,88773982,notavailable,6th Dec2025# Saturday at 06:30PM# 7th Dec2025# Sunday at 06:30PM,CMII,1,Non-Vegetarian - Hallal,,,,,,,0,,,,,,0,,Submitted,20/11/2025 10:23,20/11/2025 10:23,20/11/2025 10:23
54,hardik,6584126784,hardikpadhiyar711@gmail.com,6th Dec2025# Saturday at 06:30PM,carols,4,Vegetarian,Vegetarian,Vegetarian,Non-Vegetarian - Hallal,,,,0,,,,,,0,,Submitted,20/11/2025 0:05,20/11/2025 0:05,20/11/2025 0:05
53,Biswabhusan Harichandan,85240534,biswa.hari@gmail.com,6th Dec2025# Saturday at 06:30PM,Ebeenezer,2,Non-Vegetarian - Hallal,Non-Vegetarian - Hallal,,,,,,1,Non-Vegetarian - Hallal,,,,,1,,Submitted,19/11/2025 21:49,19/11/2025 21:49,19/11/2025 21:49
52,Manoj Kiran kiran Sakile,6583812262,manu4u049@gmail.com,7th Dec2025# Sunday at 06:30PM,Ebenezer,2,Non-Vegetarian - Hallal,Non-Vegetarian - Hallal,,,,,,1,Non-Vegetarian - Hallal,,,,,0,,Submitted,19/11/2025 21:12,19/11/2025 21:12,19/11/2025 21:12
51,Yuvaraj,86482895,yuvarajcool90@gmail.com,6th Dec2025# Saturday at 06:30PM# 7th Dec2025# Sunday at 06:30PM,N/A,1,Non-Vegetarian - Hallal,,,,,,,0,,,,,,0,,Submitted,19/11/2025 20:28,19/11/2025 20:28,19/11/2025 20:28
50,Saranraj,90545037,senthilsaranraj2@gmail.com,7th Dec2025# Sunday at 06:30PM,Prakash,5,Non-Vegetarian - Hallal,Non-Vegetarian - Hallal,Non-Vegetarian - Hallal,Non-Vegetarian - Hallal,Non-Vegetarian - Hallal,,,0,,,,,,0,,Submitted,19/11/2025 20:10,19/11/2025 20:10,19/11/2025 20:10
49,Nirav patel,81521908,niravpatidar1999@gmail.com,7th Dec2025# Sunday at 06:30PM,Prakash,6,Vegetarian,Vegetarian,Vegetarian,Vegetarian,Vegetarian,Vegetarian,,0,,,,,,0,,Submitted,19/11/2025 20:06,19/11/2025 20:06,19/11/2025 20:06
48,Karthik,90114661,kaak111111@gmail.com,6th Dec2025# Saturday at 06:30PM,Kuttan,1,Non-Vegetarian - Hallal,,,,,,,0,,,,,,0,,Submitted,19/11/2025 19:49,19/11/2025 19:49,19/11/2025 19:49
47,Aishwarrya,98362297,eeswaryshelian@gmail.com,6th Dec2025# Saturday at 06:30PM,Kuttan,1,Non-Vegetarian - Hallal,,,,,,,0,,,,,,0,,Submitted,19/11/2025 19:48,19/11/2025 19:48,19/11/2025 19:48
46,Ebenezer Davidson,6581338429,ebemon@gmail.com,6th Dec2025# Saturday at 06:30PM# 7th Dec2025# Sunday at 06:30PM,CMIC,2,Non-Vegetarian - Hallal,Non-Vegetarian - Hallal,,,,,,0,,,,,,1,,Submitted,19/11/2025 1:55,19/11/2025 1:55,19/11/2025 1:55
45,Sampath Kumar,6598508377,trsam2007@gmail.com,6th Dec2025# Saturday at 06:30PM# 7th Dec2025# Sunday at 06:30PM,CMIC,1,Non-Vegetarian - Hallal,,,,,,,0,,,,,,0,,Submitted,19/11/2025 0:47,19/11/2025 0:47,19/11/2025 0:47
44,Mohan,84248842,natpudass@gmail.com,6th Dec2025# Saturday at 06:30PM,Kanakaraj,1,Non-Vegetarian - Hallal,,,,,,,0,,,,,,0,,Submitted,18/11/2025 20:56,18/11/2025 20:56,18/11/2025 20:56
43,Vasudevan gangatharan,85154708,vasugangatharan@gmail.com,6th Dec2025# Saturday at 06:30PM# 7th Dec2025# Sunday at 06:30PM,Vignesh,1,Non-Vegetarian - Hallal,,,,,,,0,,,,,,0,,Submitted,18/11/2025 20:27,18/11/2025 20:27,18/11/2025 20:27
42,Karthik,86511294,rabijohn@gmail.com,7th Dec2025# Sunday at 06:30PM,John or,3,Non-Vegetarian - Hallal,Non-Vegetarian - Hallal,Non-Vegetarian - Hallal,,,,,0,,,,,,0,,Submitted,18/11/2025 20:11,18/11/2025 20:11,18/11/2025 20:11
41,Thangaraj Sivakumar,87173850,svkumar236@gmail.com,6th Dec2025# Saturday at 06:30PM# 7th Dec2025# Sunday at 06:30PM,CMIC,1,Non-Vegetarian - Hallal,,,,,,,0,,,,,,0,,Submitted,18/11/2025 20:03,18/11/2025 20:03,18/11/2025 20:03
40,Sugash,88657205,sugash534@gmail.com,7th Dec2025# Sunday at 06:30PM,John OR,1,Non-Vegetarian - Hallal,,,,,,,0,,,,,,0,,Submitted,18/11/2025 20:02,18/11/2025 20:02,18/11/2025 20:02
39,Paritosh Srivastava,90042845,paritosh.shrivastav@gmail.com,6th Dec2025# Saturday at 06:30PM,Ebenezer,2,Non-Vegetarian - Hallal,Non-Vegetarian - Hallal,,,,,,1,Non-Vegetarian - Hallal,,,,,0,,Submitted,18/11/2025 19:51,18/11/2025 19:51,18/11/2025 19:51
38,Zaw,84611180,notavailable,7th Dec2025# Sunday at 06:30PM,John,1,Non-Vegetarian - Hallal,,,,,,,0,,,,,,0,,Submitted,18/11/2025 19:46,18/11/2025 19:46,18/11/2025 19:46
37,Andrea,87582809,andrea.r.unicorn@gmail.com,6th Dec2025# Saturday at 06:30PM,Joy pricila,1,Non-Vegetarian - Hallal,,,,,,,1,Non-Vegetarian - Hallal,,,,,0,-,Submitted,17/11/2025 16:24,17/11/2025 16:24,17/11/2025 16:24
36,Samuel,97805615,norangenarancia@gmail.com,6th Dec2025# Saturday at 06:30PM,Emmanuel Rajan,1,Non-Vegetarian - Hallal,,,,,,,0,,,,,,0,,Submitted,17/11/2025 11:58,17/11/2025 11:58,17/11/2025 11:58
35,Karthi,80652120,karthikeyandme345@gmail.com,6th Dec2025# Saturday at 06:30PM# 7th Dec2025# Sunday at 06:30PM,Joseph raja,1,Non-Vegetarian - Hallal,,,,,,,0,,,,,,0,I am coming to attend this function,Submitted,16/11/2025 11:39,16/11/2025 11:39,16/11/2025 11:39
34,Vignesh,93953875,vigneshwaranvs4592@gmail.com,6th Dec2025# Saturday at 06:30PM# 7th Dec2025# Sunday at 06:30PM,Raja,1,Non-Vegetarian - Hallal,,,,,,,0,,,,,,0,Very good,Submitted,16/11/2025 11:39,16/11/2025 11:39,16/11/2025 11:39
33,Raja,93750807,alagudurai84361601@gmail.com,6th Dec2025# Saturday at 06:30PM# 7th Dec2025# Sunday at 06:30PM,Alpetraja,1,Non-Vegetarian - Hallal,,,,,,,0,,,,,,0,Good,Submitted,16/11/2025 11:36,16/11/2025 11:36,16/11/2025 11:36
32,Kamalesh,86519268,skamalesh247@gmail.com,7th Dec2025# Sunday at 06:30PM,Joseph raja,1,Non-Vegetarian - Hallal,,,,,,,0,,,,,,0,Good function I am coming,Submitted,16/11/2025 11:30,16/11/2025 11:30,16/11/2025 11:30
31,Rex,80620683,rexspr1499@gmail.com,6th Dec2025# Saturday at 06:30PM# 7th Dec2025# Sunday at 06:30PM,Pradeep,1,Non-Vegetarian - Hallal,,,,,,,0,,,,,,0,,Submitted,16/11/2025 11:10,16/11/2025 11:10,16/11/2025 11:10
30,David Kuttan,97652979,davidmkuttan@gmail.com,6th Dec2025# Saturday at 06:30PM# 7th Dec2025# Sunday at 06:30PM,Cmic,4,Non-Vegetarian - Hallal,Non-Vegetarian - Hallal,Non-Vegetarian - Hallal,Non-Vegetarian - Hallal,,,,0,,,,,,0,,Submitted,16/11/2025 9:33,16/11/2025 9:33,16/11/2025 9:33
29,George Kingsley,90888403,george.kingsley@hotmail.com,6th Dec2025# Saturday at 06:30PM# 7th Dec2025# Sunday at 06:30PM,CMIC,1,Vegetarian,,,,,,,0,,,,,,0,,Submitted,16/11/2025 9:32,16/11/2025 9:32,16/11/2025 9:32
28,Akash,84665001,akashcn1212@gmail.com,6th Dec2025# Saturday at 06:30PM# 7th Dec2025# Sunday at 06:30PM,Prince,1,Vegetarian,,,,,,,0,,,,,,0,Lets celebrate Christmas together,Submitted,15/11/2025 17:23,15/11/2025 17:23,15/11/2025 17:23
27,Rajagauri Rengasamy,94521675,rajagauri@gmail.com,6th Dec2025# Saturday at 06:30PM# 7th Dec2025# Sunday at 06:30PM,NA,5,Non-Vegetarian - Hallal,Non-Vegetarian - Hallal,Non-Vegetarian - Hallal,Non-Vegetarian - Hallal,Non-Vegetarian - Hallal,,,0,,,,,,0,,Submitted,14/11/2025 20:36,14/11/2025 20:36,14/11/2025 20:36
26,JAISAD,92799385,notavailable,6th Dec2025# Saturday at 06:30PM,Kitten,1,Non-Vegetarian - Hallal,,,,,,,0,,,,,,0,,Submitted,14/11/2025 20:24,14/11/2025 20:24,14/11/2025 20:24
25,Alisha Sheoran,82164061,alishasinukhatkar@gmail.com,6th Dec2025# Saturday at 06:30PM# 7th Dec2025# Sunday at 06:30PM,Kuttan,2,Vegetarian,Vegetarian,,,,,,0,,,,,,0,,Submitted,14/11/2025 20:04,14/11/2025 20:04,14/11/2025 20:04
24,Arivalgan,94223359,notavailable,6th Dec2025# Saturday at 06:30PM# 7th Dec2025# Sunday at 06:30PM,John,2,Non-Vegetarian - Hallal,Non-Vegetarian - Hallal,,,,,,0,,,,,,0,,Submitted,14/11/2025 19:57,14/11/2025 19:57,14/11/2025 19:57
23,Rajmanovah Xavier,82869651,manovah.raj@gmail.com,6th Dec2025# Saturday at 06:30PM# 7th Dec2025# Sunday at 06:30PM,Jesus,2,Non-Vegetarian - Hallal,Non-Vegetarian - Hallal,,,,,,0,,,,,,0,,Submitted,14/11/2025 18:35,14/11/2025 18:35,14/11/2025 18:35
22,Jones,81691271,jones4028@gmail.com,6th Dec2025# Saturday at 06:30PM# 7th Dec2025# Sunday at 06:30PM,Cmiic,2,Non-Vegetarian - Hallal,Non-Vegetarian - Hallal,,,,,,1,Non-Vegetarian - Hallal,,,,,0,,Submitted,13/11/2025 17:29,13/11/2025 17:29,13/11/2025 17:29
21,Tara Daniel,81895169,taraj_30@hotmail.com,6th Dec2025# Saturday at 06:30PM# 7th Dec2025# Sunday at 06:30PM,CMIC,3,Non-Vegetarian - Hallal,Non-Vegetarian - Hallal,Non-Vegetarian - Hallal,,,,,2,Non-Vegetarian - Hallal,Non-Vegetarian - Hallal,,,,0,,Submitted,13/11/2025 17:24,13/11/2025 17:24,13/11/2025 17:24
20,Don Livingston,98579208,notavailable,6th Dec2025# Saturday at 06:30PM,CMIC,1,Non-Vegetarian - Hallal,,,,,,,0,,,,,,0,,Submitted,13/11/2025 17:13,13/11/2025 17:13,13/11/2025 17:13
19,Jeyasingh,6587636784,jeyasingh500@yahoo.com,6th Dec2025# Saturday at 06:30PM,Sampath Kumar,1,Non-Vegetarian - Hallal,,,,,,,0,,,,,,0,,Submitted,13/11/2025 9:02,13/11/2025 9:02,13/11/2025 9:02
18,Kingsley Jesudas,6597741030,kingsleyuk1993@gmail.com,6th Dec2025# Saturday at 06:30PM# 7th Dec2025# Sunday at 06:30PM,CMIC,2,Non-Vegetarian - Hallal,Non-Vegetarian - Hallal,,,,,,0,,,,,,0,,Submitted,12/11/2025 20:38,12/11/2025 20:38,12/11/2025 20:38
17,Kannan,84279882,kannan02061995@gmail.com,6th Dec2025# Saturday at 06:30PM# 7th Dec2025# Sunday at 06:30PM,Raja,1,Non-Vegetarian - Hallal,,,,,,,1,Non-Vegetarian - Hallal,,,,,1,No,Submitted,11/11/2025 18:19,11/11/2025 18:19,11/11/2025 18:19
16,Sithra,83280517,sithra.sk@gmail.com,6th Dec2025# Saturday at 06:30PM,Tara,2,Non-Vegetarian - Hallal,Non-Vegetarian - Hallal,,,,,,0,,,,,,0,,Submitted,10/11/2025 18:44,10/11/2025 18:44,10/11/2025 18:44
15,Lara,82200543,laraantonio33@gmail.com,6th Dec2025# Saturday at 06:30PM,Tara,3,Non-Vegetarian - Hallal,Non-Vegetarian - Hallal,Non-Vegetarian - Hallal,,,,,0,,,,,,0,,Submitted,10/11/2025 9:19,10/11/2025 9:19,10/11/2025 9:19
13,Reeni,6598007705,reeni4jesus@gmail.com,6th Dec2025# Saturday at 06:30PM,CMIC,2,Non-Vegetarian - Hallal,Non-Vegetarian - Hallal,,,,,,2,Non-Vegetarian - Hallal,Non-Vegetarian - Hallal,,,,0,Registered on behalf of guest,Submitted,10/11/2025 0:23,10/11/2025 0:23,10/11/2025 0:23
12,Michael,86206034,Grace.thelagam@gmail.com,6th Dec2025# Saturday at 06:30PM# 7th Dec2025# Sunday at 06:30PM,Grace(CMIC),1,Non-Vegetarian - Hallal,,,,,,,0,,,,,,0,,Submitted,9/11/2025 14:31,9/11/2025 14:31,10/11/2025 0:11
11,Grace,86206034,Grace.thelagam@gmail.com,6th Dec2025# Saturday at 06:30PM# 7th Dec2025# Sunday at 06:30PM,Cmic,1,Vegetarian,,,,,,,0,,,,,,0,,Submitted,9/11/2025 14:28,9/11/2025 14:28,9/11/2025 14:28
10,Prakash Kumar Palani (Prakash),96647720,prakash.palani@gmail.com,6th Dec2025# Saturday at 06:30PM# 7th Dec2025# Sunday at 06:30PM,CMIC,3,Non-Vegetarian - Hallal,Non-Vegetarian - Hallal,Non-Vegetarian - Hallal,,,,,1,Non-Vegetarian - Hallal,,,,,,,Submitted,9/11/2025 9:31,9/11/2025 9:31,9/11/2025 9:31
9,Manish,91448419,manishmanogran@gmail.com,6th Dec2025# Saturday at 06:30PM# 7th Dec2025# Sunday at 06:30PM,Tara,1,Non-Vegetarian - Hallal,,,,,,,0,,,,,,0,,Submitted,7/11/2025 22:51,7/11/2025 22:51,7/11/2025 22:51
8,Sheela George,90604580,rebornsheela@gmail.com,6th Dec2025# Saturday at 06:30PM# 7th Dec2025# Sunday at 06:30PM,CMIC,3,Non-Vegetarian - Hallal,Non-Vegetarian - Hallal,Non-Vegetarian - Hallal,,,,,2,Non-Vegetarian - Hallal,Food not required,,,,0,,Submitted,7/11/2025 15:54,7/11/2025 15:54,13/11/2025 14:25
7,John Britto,84481381,rabijohn@gmail.com,6th Dec2025# Saturday at 06:30PM# 7th Dec2025# Sunday at 06:30PM,CMIC,4,Non-Vegetarian - Hallal,Vegetarian,Non-Vegetarian - Hallal,Non-Vegetarian - Hallal,,,,1,Non-Vegetarian - Hallal,,,,,0,,Submitted,7/11/2025 15:51,7/11/2025 15:51,10/11/2025 0:15
6,Pradheep,84530859,pradheep.p@myyahoo.com,6th Dec2025# Saturday at 06:30PM# 7th Dec2025# Sunday at 06:30PM,CMIC,1,Non-Vegetarian - Hallal,,,,,,,0,,,,,,0,Thank you,Submitted,7/11/2025 15:42,7/11/2025 15:42,10/11/2025 0:10
5,Santhosh Justin,6598561432,julie.vincent@gmail.com,6th Dec2025# Saturday at 06:30PM# 7th Dec2025# Sunday at 06:30PM,CMIC,4,Non-Vegetarian - Hallal,Non-Vegetarian - Hallal,Non-Vegetarian - Hallal,Non-Vegetarian - Hallal,,,,0,,,,,,0,,Submitted,7/11/2025 15:33,7/11/2025 15:33,10/11/2025 0:11
2,Sushil Praveen Kumar Sukumaran,6581237107,sushpraveen25@gmail.com,6th Dec2025# Saturday at 06:30PM# 7th Dec2025# Sunday at 06:30PM,CMIC,4,Non-Vegetarian - Hallal,Non-Vegetarian - Hallal,Non-Vegetarian - Hallal,Non-Vegetarian - Hallal,,,,0,,,,,,1,,Submitted,3/11/2025 17:27,3/11/2025 17:27,10/11/2025 0:11
Loading the participant info:81
ParticipantInfo(name=Selvaganapathy, mobileNumber=84520549, email=selvaganapathy.k.1994@gmail.com, accompanyingAdults=1, accompanyingChild=0, nonVegCount=1, vegCount=0, foodNotRequiredCount=0, whoInvited=Pradheep)
-------------------------------------------
ParticipantInfo(name=Manikandan Subramaniyan, mobileNumber=6590356479, email=manisubu3295@gmail.com, accompanyingAdults=2, accompanyingChild=0, nonVegCount=2, vegCount=0, foodNotRequiredCount=0, whoInvited=Pradheep)
-------------------------------------------
ParticipantInfo(name=Miraz, mobileNumber=97741776, email=mirazh447@gmail.com, accompanyingAdults=2, accompanyingChild=0, nonVegCount=2, vegCount=0, foodNotRequiredCount=0, whoInvited=John)
-------------------------------------------
ParticipantInfo(name=Shardar tofazzal, mobileNumber=98668509, email=tofazzalsordar12@gmail.com, accompanyingAdults=2, accompanyingChild=0, nonVegCount=2, vegCount=0, foodNotRequiredCount=0, whoInvited=John)
-------------------------------------------
ParticipantInfo(name=Mani Rajkumar, mobileNumber=85358449, email=rajkumaryogavanirajkumar01@gmail.com, accompanyingAdults=4, accompanyingChild=0, nonVegCount=4, vegCount=0, foodNotRequiredCount=0, whoInvited=Raj lavender mrt)
-------------------------------------------
ParticipantInfo(name=Vignesh, mobileNumber=82145485, email=prakash.palni@gmail.com, accompanyingAdults=1, accompanyingChild=0, nonVegCount=1, vegCount=0, foodNotRequiredCount=0, whoInvited=Prakash)
-------------------------------------------
ParticipantInfo(name=Ali Md Mostakim, mobileNumber=81739350, email=mdmostakim02051995@gmail.com, accompanyingAdults=2, accompanyingChild=0, nonVegCount=2, vegCount=0, foodNotRequiredCount=0, whoInvited=Prakash)
-------------------------------------------
ParticipantInfo(name=Sarbjeet, mobileNumber=89247393, email=mannjeet184@gmail.com, accompanyingAdults=1, accompanyingChild=0, nonVegCount=0, vegCount=1, foodNotRequiredCount=0, whoInvited=Pardeep)
-------------------------------------------
ParticipantInfo(name=Kumaresan, mobileNumber=84332781, email=kumarvishwar45@gmail.com, accompanyingAdults=3, accompanyingChild=0, nonVegCount=3, vegCount=0, foodNotRequiredCount=0, whoInvited=Shem)
-------------------------------------------
ParticipantInfo(name=Pandian, mobileNumber=85235840, email=pandian.vy04@gmail.com, accompanyingAdults=2, accompanyingChild=0, nonVegCount=2, vegCount=0, foodNotRequiredCount=0, whoInvited=Pradheep)
-------------------------------------------
ParticipantInfo(name=Rakesh, mobileNumber=83850944, email=rakeshrakesh70239@gmail.com, accompanyingAdults=1, accompanyingChild=0, nonVegCount=1, vegCount=0, foodNotRequiredCount=0, whoInvited=Ebenezer)
-------------------------------------------
ParticipantInfo(name=Kavin, mobileNumber=93550752, email=rajapkattura@gmail.com, accompanyingAdults=1, accompanyingChild=0, nonVegCount=1, vegCount=0, foodNotRequiredCount=0, whoInvited=Shem)
-------------------------------------------
ParticipantInfo(name=Periyasami suresh, mobileNumber=89675927, email=rabijohn@gmail.com, accompanyingAdults=2, accompanyingChild=0, nonVegCount=2, vegCount=0, foodNotRequiredCount=0, whoInvited=John)
-------------------------------------------
ParticipantInfo(name=Soleman, mobileNumber=81179740, email=random113134430@gmail.com, accompanyingAdults=1, accompanyingChild=0, nonVegCount=1, vegCount=0, foodNotRequiredCount=0, whoInvited=Pradheep)
-------------------------------------------
ParticipantInfo(name=Naresh Samannan, mobileNumber=85443001, email=naresh1690@gmail.com, accompanyingAdults=2, accompanyingChild=1, nonVegCount=3, vegCount=0, foodNotRequiredCount=0, whoInvited=Ebenezer)
-------------------------------------------
ParticipantInfo(name=NAVEEN REDDY BITHIRALLA, mobileNumber=89477391, email=naveen.app27@gmail.com, accompanyingAdults=3, accompanyingChild=0, nonVegCount=2, vegCount=1, foodNotRequiredCount=0, whoInvited=Sushil)
-------------------------------------------
ParticipantInfo(name=Vignesh, mobileNumber=89123610, email=notavailable, accompanyingAdults=1, accompanyingChild=0, nonVegCount=1, vegCount=0, foodNotRequiredCount=0, whoInvited=Guttan)
-------------------------------------------
ParticipantInfo(name=Ebenezer Davidson, mobileNumber=6581338429, email=notavailable, accompanyingAdults=2, accompanyingChild=0, nonVegCount=2, vegCount=0, foodNotRequiredCount=0, whoInvited=CMIC)
-------------------------------------------
ParticipantInfo(name=Baskar.R, mobileNumber=93872948, email=notavailable, accompanyingAdults=1, accompanyingChild=0, nonVegCount=1, vegCount=0, foodNotRequiredCount=0, whoInvited=Manova)
-------------------------------------------
ParticipantInfo(name=adriana, mobileNumber=88821053, email=dwiadriana222@gmail.com, accompanyingAdults=1, accompanyingChild=0, nonVegCount=1, vegCount=0, foodNotRequiredCount=0, whoInvited=abiah and city missions international church)
-------------------------------------------
ParticipantInfo(name=Nandhini, mobileNumber=90010095, email=chellam79@gmail.com, accompanyingAdults=2, accompanyingChild=1, nonVegCount=1, vegCount=2, foodNotRequiredCount=0, whoInvited=Mical)
-------------------------------------------
ParticipantInfo(name=Amelia# Rachel, mobileNumber=+65 9829 5073, email=notavailable, accompanyingAdults=2, accompanyingChild=0, nonVegCount=2, vegCount=0, foodNotRequiredCount=0, whoInvited=Emmanuel Rajan)
-------------------------------------------
ParticipantInfo(name=Malathy, mobileNumber=92476416, email=kmalathy28@gmail.com, accompanyingAdults=3, accompanyingChild=1, nonVegCount=4, vegCount=0, foodNotRequiredCount=0, whoInvited=Cmic)
-------------------------------------------
ParticipantInfo(name=Shiny, mobileNumber=86201563, email=bluearmyshiny1995@gmail.com, accompanyingAdults=2, accompanyingChild=0, nonVegCount=0, vegCount=0, foodNotRequiredCount=2, whoInvited=Auntie sarah and auntie Julie)
-------------------------------------------
ParticipantInfo(name=Sekhar Emmanuel Rajan, mobileNumber=6583759547, email=kathubuffalo@gmail.com, accompanyingAdults=3, accompanyingChild=0, nonVegCount=2, vegCount=1, foodNotRequiredCount=0, whoInvited=CMIC)
-------------------------------------------
ParticipantInfo(name=Sudhakar, mobileNumber=90397560, email=notavailable, accompanyingAdults=1, accompanyingChild=0, nonVegCount=1, vegCount=0, foodNotRequiredCount=0, whoInvited=Cmic)
-------------------------------------------
ParticipantInfo(name=Yen Kai, mobileNumber=6597312986, email=phangyenkai@gmail.com, accompanyingAdults=1, accompanyingChild=0, nonVegCount=1, vegCount=0, foodNotRequiredCount=0, whoInvited=Abiah John)
-------------------------------------------
ParticipantInfo(name=Vijay, mobileNumber=9597398795, email=notavailable, accompanyingAdults=1, accompanyingChild=0, nonVegCount=1, vegCount=0, foodNotRequiredCount=0, whoInvited=Ebenezer)
-------------------------------------------
ParticipantInfo(name=Gonela Lakshminarayana, mobileNumber=89132343, email=notavailable, accompanyingAdults=1, accompanyingChild=0, nonVegCount=1, vegCount=0, foodNotRequiredCount=0, whoInvited=Ebenezer Davidson Parthiban)
-------------------------------------------
ParticipantInfo(name=Naveen Natarajan, mobileNumber=6585418853, email=notavailable, accompanyingAdults=1, accompanyingChild=0, nonVegCount=1, vegCount=0, foodNotRequiredCount=0, whoInvited=Ebenezer Davidson Parthiban)
-------------------------------------------
ParticipantInfo(name=Maine Tay, mobileNumber=88773982, email=notavailable, accompanyingAdults=1, accompanyingChild=0, nonVegCount=1, vegCount=0, foodNotRequiredCount=0, whoInvited=CMII)
-------------------------------------------
ParticipantInfo(name=hardik, mobileNumber=6584126784, email=hardikpadhiyar711@gmail.com, accompanyingAdults=4, accompanyingChild=0, nonVegCount=1, vegCount=3, foodNotRequiredCount=0, whoInvited=carols)
-------------------------------------------
ParticipantInfo(name=Biswabhusan Harichandan, mobileNumber=85240534, email=biswa.hari@gmail.com, accompanyingAdults=2, accompanyingChild=1, nonVegCount=3, vegCount=0, foodNotRequiredCount=0, whoInvited=Ebeenezer)
-------------------------------------------
ParticipantInfo(name=Manoj Kiran kiran Sakile, mobileNumber=6583812262, email=manu4u049@gmail.com, accompanyingAdults=2, accompanyingChild=1, nonVegCount=3, vegCount=0, foodNotRequiredCount=0, whoInvited=Ebenezer)
-------------------------------------------
ParticipantInfo(name=Yuvaraj, mobileNumber=86482895, email=yuvarajcool90@gmail.com, accompanyingAdults=1, accompanyingChild=0, nonVegCount=1, vegCount=0, foodNotRequiredCount=0, whoInvited=N/A)
-------------------------------------------
ParticipantInfo(name=Saranraj, mobileNumber=90545037, email=senthilsaranraj2@gmail.com, accompanyingAdults=5, accompanyingChild=0, nonVegCount=5, vegCount=0, foodNotRequiredCount=0, whoInvited=Prakash)
-------------------------------------------
ParticipantInfo(name=Nirav patel, mobileNumber=81521908, email=niravpatidar1999@gmail.com, accompanyingAdults=6, accompanyingChild=0, nonVegCount=0, vegCount=6, foodNotRequiredCount=0, whoInvited=Prakash)
-------------------------------------------
ParticipantInfo(name=Karthik, mobileNumber=90114661, email=kaak111111@gmail.com, accompanyingAdults=1, accompanyingChild=0, nonVegCount=1, vegCount=0, foodNotRequiredCount=0, whoInvited=Kuttan)
-------------------------------------------
ParticipantInfo(name=Aishwarrya, mobileNumber=98362297, email=eeswaryshelian@gmail.com, accompanyingAdults=1, accompanyingChild=0, nonVegCount=1, vegCount=0, foodNotRequiredCount=0, whoInvited=Kuttan)
-------------------------------------------
ParticipantInfo(name=Ebenezer Davidson, mobileNumber=6581338429, email=ebemon@gmail.com, accompanyingAdults=2, accompanyingChild=0, nonVegCount=2, vegCount=0, foodNotRequiredCount=0, whoInvited=CMIC)
-------------------------------------------
ParticipantInfo(name=Sampath Kumar, mobileNumber=6598508377, email=trsam2007@gmail.com, accompanyingAdults=1, accompanyingChild=0, nonVegCount=1, vegCount=0, foodNotRequiredCount=0, whoInvited=CMIC)
-------------------------------------------
ParticipantInfo(name=Mohan, mobileNumber=84248842, email=natpudass@gmail.com, accompanyingAdults=1, accompanyingChild=0, nonVegCount=1, vegCount=0, foodNotRequiredCount=0, whoInvited=Kanakaraj)
-------------------------------------------
ParticipantInfo(name=Vasudevan gangatharan, mobileNumber=85154708, email=vasugangatharan@gmail.com, accompanyingAdults=1, accompanyingChild=0, nonVegCount=1, vegCount=0, foodNotRequiredCount=0, whoInvited=Vignesh)
-------------------------------------------
ParticipantInfo(name=Karthik, mobileNumber=86511294, email=rabijohn@gmail.com, accompanyingAdults=3, accompanyingChild=0, nonVegCount=3, vegCount=0, foodNotRequiredCount=0, whoInvited=John or)
-------------------------------------------
ParticipantInfo(name=Thangaraj Sivakumar, mobileNumber=87173850, email=svkumar236@gmail.com, accompanyingAdults=1, accompanyingChild=0, nonVegCount=1, vegCount=0, foodNotRequiredCount=0, whoInvited=CMIC)
-------------------------------------------
ParticipantInfo(name=Sugash, mobileNumber=88657205, email=sugash534@gmail.com, accompanyingAdults=1, accompanyingChild=0, nonVegCount=1, vegCount=0, foodNotRequiredCount=0, whoInvited=John OR)
-------------------------------------------
ParticipantInfo(name=Paritosh Srivastava, mobileNumber=90042845, email=paritosh.shrivastav@gmail.com, accompanyingAdults=2, accompanyingChild=1, nonVegCount=3, vegCount=0, foodNotRequiredCount=0, whoInvited=Ebenezer)
-------------------------------------------
ParticipantInfo(name=Zaw, mobileNumber=84611180, email=notavailable, accompanyingAdults=1, accompanyingChild=0, nonVegCount=1, vegCount=0, foodNotRequiredCount=0, whoInvited=John)
-------------------------------------------
ParticipantInfo(name=Andrea, mobileNumber=87582809, email=andrea.r.unicorn@gmail.com, accompanyingAdults=1, accompanyingChild=1, nonVegCount=2, vegCount=0, foodNotRequiredCount=0, whoInvited=Joy pricila)
-------------------------------------------
ParticipantInfo(name=Samuel, mobileNumber=97805615, email=norangenarancia@gmail.com, accompanyingAdults=1, accompanyingChild=0, nonVegCount=1, vegCount=0, foodNotRequiredCount=0, whoInvited=Emmanuel Rajan)
-------------------------------------------
ParticipantInfo(name=Karthi, mobileNumber=80652120, email=karthikeyandme345@gmail.com, accompanyingAdults=1, accompanyingChild=0, nonVegCount=1, vegCount=0, foodNotRequiredCount=0, whoInvited=Joseph raja)
-------------------------------------------
ParticipantInfo(name=Vignesh, mobileNumber=93953875, email=vigneshwaranvs4592@gmail.com, accompanyingAdults=1, accompanyingChild=0, nonVegCount=1, vegCount=0, foodNotRequiredCount=0, whoInvited=Raja)
-------------------------------------------
ParticipantInfo(name=Raja, mobileNumber=93750807, email=alagudurai84361601@gmail.com, accompanyingAdults=1, accompanyingChild=0, nonVegCount=1, vegCount=0, foodNotRequiredCount=0, whoInvited=Alpetraja)
-------------------------------------------
ParticipantInfo(name=Kamalesh, mobileNumber=86519268, email=skamalesh247@gmail.com, accompanyingAdults=1, accompanyingChild=0, nonVegCount=1, vegCount=0, foodNotRequiredCount=0, whoInvited=Joseph raja)
-------------------------------------------
ParticipantInfo(name=Rex, mobileNumber=80620683, email=rexspr1499@gmail.com, accompanyingAdults=1, accompanyingChild=0, nonVegCount=1, vegCount=0, foodNotRequiredCount=0, whoInvited=Pradeep)
-------------------------------------------
ParticipantInfo(name=David Kuttan, mobileNumber=97652979, email=davidmkuttan@gmail.com, accompanyingAdults=4, accompanyingChild=0, nonVegCount=4, vegCount=0, foodNotRequiredCount=0, whoInvited=Cmic)
-------------------------------------------
ParticipantInfo(name=George Kingsley, mobileNumber=90888403, email=george.kingsley@hotmail.com, accompanyingAdults=1, accompanyingChild=0, nonVegCount=0, vegCount=1, foodNotRequiredCount=0, whoInvited=CMIC)
-------------------------------------------
ParticipantInfo(name=Akash, mobileNumber=84665001, email=akashcn1212@gmail.com, accompanyingAdults=1, accompanyingChild=0, nonVegCount=0, vegCount=1, foodNotRequiredCount=0, whoInvited=Prince)
-------------------------------------------
ParticipantInfo(name=Rajagauri Rengasamy, mobileNumber=94521675, email=rajagauri@gmail.com, accompanyingAdults=5, accompanyingChild=0, nonVegCount=5, vegCount=0, foodNotRequiredCount=0, whoInvited=NA)
-------------------------------------------
ParticipantInfo(name=JAISAD, mobileNumber=92799385, email=notavailable, accompanyingAdults=1, accompanyingChild=0, nonVegCount=1, vegCount=0, foodNotRequiredCount=0, whoInvited=Kitten)
-------------------------------------------
ParticipantInfo(name=Alisha Sheoran, mobileNumber=82164061, email=alishasinukhatkar@gmail.com, accompanyingAdults=2, accompanyingChild=0, nonVegCount=0, vegCount=2, foodNotRequiredCount=0, whoInvited=Kuttan)
-------------------------------------------
ParticipantInfo(name=Arivalgan, mobileNumber=94223359, email=notavailable, accompanyingAdults=2, accompanyingChild=0, nonVegCount=2, vegCount=0, foodNotRequiredCount=0, whoInvited=John)
-------------------------------------------
ParticipantInfo(name=Rajmanovah Xavier, mobileNumber=82869651, email=manovah.raj@gmail.com, accompanyingAdults=2, accompanyingChild=0, nonVegCount=2, vegCount=0, foodNotRequiredCount=0, whoInvited=Jesus)
-------------------------------------------
ParticipantInfo(name=Jones, mobileNumber=81691271, email=jones4028@gmail.com, accompanyingAdults=2, accompanyingChild=1, nonVegCount=3, vegCount=0, foodNotRequiredCount=0, whoInvited=Cmiic)
-------------------------------------------
ParticipantInfo(name=Tara Daniel, mobileNumber=81895169, email=taraj_30@hotmail.com, accompanyingAdults=3, accompanyingChild=2, nonVegCount=5, vegCount=0, foodNotRequiredCount=0, whoInvited=CMIC)
-------------------------------------------
ParticipantInfo(name=Don Livingston, mobileNumber=98579208, email=notavailable, accompanyingAdults=1, accompanyingChild=0, nonVegCount=1, vegCount=0, foodNotRequiredCount=0, whoInvited=CMIC)
-------------------------------------------
ParticipantInfo(name=Jeyasingh, mobileNumber=6587636784, email=jeyasingh500@yahoo.com, accompanyingAdults=1, accompanyingChild=0, nonVegCount=1, vegCount=0, foodNotRequiredCount=0, whoInvited=Sampath Kumar)
-------------------------------------------
ParticipantInfo(name=Kingsley Jesudas, mobileNumber=6597741030, email=kingsleyuk1993@gmail.com, accompanyingAdults=2, accompanyingChild=0, nonVegCount=2, vegCount=0, foodNotRequiredCount=0, whoInvited=CMIC)
-------------------------------------------
ParticipantInfo(name=Kannan, mobileNumber=84279882, email=kannan02061995@gmail.com, accompanyingAdults=1, accompanyingChild=1, nonVegCount=2, vegCount=0, foodNotRequiredCount=0, whoInvited=Raja)
-------------------------------------------
ParticipantInfo(name=Sithra, mobileNumber=83280517, email=sithra.sk@gmail.com, accompanyingAdults=2, accompanyingChild=0, nonVegCount=2, vegCount=0, foodNotRequiredCount=0, whoInvited=Tara)
-------------------------------------------
ParticipantInfo(name=Lara, mobileNumber=82200543, email=laraantonio33@gmail.com, accompanyingAdults=3, accompanyingChild=0, nonVegCount=3, vegCount=0, foodNotRequiredCount=0, whoInvited=Tara)
-------------------------------------------
ParticipantInfo(name=Reeni, mobileNumber=6598007705, email=reeni4jesus@gmail.com, accompanyingAdults=2, accompanyingChild=2, nonVegCount=4, vegCount=0, foodNotRequiredCount=0, whoInvited=CMIC)
-------------------------------------------
ParticipantInfo(name=Michael, mobileNumber=86206034, email=Grace.thelagam@gmail.com, accompanyingAdults=1, accompanyingChild=0, nonVegCount=1, vegCount=0, foodNotRequiredCount=0, whoInvited=Grace(CMIC))
-------------------------------------------
ParticipantInfo(name=Grace, mobileNumber=86206034, email=Grace.thelagam@gmail.com, accompanyingAdults=1, accompanyingChild=0, nonVegCount=0, vegCount=1, foodNotRequiredCount=0, whoInvited=Cmic)
-------------------------------------------
ParticipantInfo(name=Prakash Kumar Palani (Prakash), mobileNumber=96647720, email=prakash.palani@gmail.com, accompanyingAdults=3, accompanyingChild=1, nonVegCount=4, vegCount=0, foodNotRequiredCount=0, whoInvited=CMIC)
-------------------------------------------
ParticipantInfo(name=Manish, mobileNumber=91448419, email=manishmanogran@gmail.com, accompanyingAdults=1, accompanyingChild=0, nonVegCount=1, vegCount=0, foodNotRequiredCount=0, whoInvited=Tara)
-------------------------------------------
ParticipantInfo(name=Sheela George, mobileNumber=90604580, email=rebornsheela@gmail.com, accompanyingAdults=3, accompanyingChild=2, nonVegCount=4, vegCount=0, foodNotRequiredCount=1, whoInvited=CMIC)
-------------------------------------------
ParticipantInfo(name=John Britto, mobileNumber=84481381, email=rabijohn@gmail.com, accompanyingAdults=4, accompanyingChild=1, nonVegCount=4, vegCount=1, foodNotRequiredCount=0, whoInvited=CMIC)
-------------------------------------------
ParticipantInfo(name=Pradheep, mobileNumber=84530859, email=pradheep.p@myyahoo.com, accompanyingAdults=1, accompanyingChild=0, nonVegCount=1, vegCount=0, foodNotRequiredCount=0, whoInvited=CMIC)
-------------------------------------------
ParticipantInfo(name=Santhosh Justin, mobileNumber=6598561432, email=julie.vincent@gmail.com, accompanyingAdults=4, accompanyingChild=0, nonVegCount=4, vegCount=0, foodNotRequiredCount=0, whoInvited=CMIC)
-------------------------------------------
ParticipantInfo(name=Sushil Praveen Kumar Sukumaran, mobileNumber=6581237107, email=sushpraveen25@gmail.com, accompanyingAdults=4, accompanyingChild=0, nonVegCount=4, vegCount=0, foodNotRequiredCount=0, whoInvited=CMIC)
-------------------------------------------
-------------------------------------
Clean Records Size:81
----------Event Summary----------------
Duplicate records:0
----------By people----------------
Adult Count:152
Child Count:17
----------By food type----------------
Non Vegetarian Count:146
Vegeterian Count:20
Food Not Required Count:3
----------Tally count----------------
Total count by people: 169
Total count by food: 169
-------------------------------------
Reports for: C:\Software_Development\Workspace\QRCodes\Nov22\1.csv
